[I] 0327 (replace-set-variable-with-var) C:\7_GOS\srph_sqe\GOS_Automation\Tests\Package_Info_Tests.robot:31:5 Set Global Variable can be replaced with VAR
[I] 0327 (replace-set-variable-with-var) C:\7_GOS\srph_sqe\GOS_Automation\Tests\Package_Info_Tests.robot:32:5 Set Global Variable can be replaced with VAR
[I] 0327 (replace-set-variable-with-var) C:\7_GOS\srph_sqe\GOS_Automation\Tests\Package_Info_Tests.robot:33:5 Set Global Variable can be replaced with VAR
[I] 0327 (replace-set-variable-with-var) C:\7_GOS\srph_sqe\GOS_Automation\Tests\Package_Info_Tests.robot:34:5 Set Global Variable can be replaced with VAR
[I] 0327 (replace-set-variable-with-var) C:\7_GOS\srph_sqe\GOS_Automation\Tests\Package_Info_Tests.robot:35:5 Set Global Variable can be replaced with VAR
[I] 0327 (replace-set-variable-with-var) C:\7_GOS\srph_sqe\GOS_Automation\Tests\Package_Info_Tests.robot:36:5 Set Global Variable can be replaced with VAR
[I] 0327 (replace-set-variable-with-var) C:\7_GOS\srph_sqe\GOS_Automation\Tests\Package_Info_Tests.robot:37:5 Set Global Variable can be replaced with VAR
[I] 0327 (replace-set-variable-with-var) C:\7_GOS\srph_sqe\GOS_Automation\Tests\Package_Info_Tests.robot:38:5 Set Global Variable can be replaced with VAR
[I] 0327 (replace-set-variable-with-var) C:\7_GOS\srph_sqe\GOS_Automation\Tests\Package_Info_Tests.robot:39:5 Set Global Variable can be replaced with VAR
[W] 0508 (line-too-long) C:\7_GOS\srph_sqe\GOS_Automation\Tests\Package_Info_Tests.robot:643:1 Line is too long (143/124)
[W] 0508 (line-too-long) C:\7_GOS\srph_sqe\GOS_Automation\Tests\Package_Info_Tests.robot:648:1 Line is too long (127/124)
[W] 0508 (line-too-long) C:\7_GOS\srph_sqe\GOS_Automation\Actions\Package_Actions.resource:68:1 Line is too long (183/124)
[W] 0508 (line-too-long) C:\7_GOS\srph_sqe\GOS_Automation\Actions\Package_Actions.resource:74:1 Line is too long (209/124)
[W] 0508 (line-too-long) C:\7_GOS\srph_sqe\GOS_Automation\PageObjects\Package_Page_Object.resource:6:1 Line is too long (153/124)
[W] 0508 (line-too-long) C:\7_GOS\srph_sqe\GOS_Automation\PageObjects\Package_Page_Object.resource:10:1 Line is too long (153/124)

Processed 3 (+0) files from which 3 (+0) files contained issues.

Found 15 (-2) issues: 9 (+0) INFOs, 6 (-2) WARNINGs.

Report generated by Robocop version: 5.3.0

Issues by ID:
I0327 (replace-set-variable-with-var) : 9 (+0)
W0508 (line-too-long)                 : 6 (+0)
W1008 (bad-indent)                    : 0 (-2)

Reported: 2024-08-02 10:12:45 +0800

Scan finished in 0.201s (-0.018).
